<?xml version="1.0" encoding="UTF-8"?>
<robot generator="Robot 3.1.2 (Python 3.7.4 on win32)" generated="20200422 12:31:26.011" rpa="false">
<suite id="s1" name="Login" source="C:\robocamp\ninjapixel\tests\login.robot">
<test id="s1-t1" name="Login com sucesso">
<kw name="Dado que eu acesso a página de login">
<kw name="Open Browser" library="SeleniumLibrary">
<doc>Opens a new browser instance to the optional ``url``.</doc>
<arguments>
<arg>http://pixel-web:3000/login</arg>
<arg>chrome</arg>
</arguments>
<msg timestamp="20200422 12:31:26.221" level="INFO">Opening browser 'chrome' to base url 'http://pixel-web:3000/login'.</msg>
<status status="PASS" starttime="20200422 12:31:26.221" endtime="20200422 12:31:33.434"></status>
</kw>
<kw name="Maximize Browser Window" library="SeleniumLibrary">
<doc>Maximizes current browser window.</doc>
<status status="PASS" starttime="20200422 12:31:33.435" endtime="20200422 12:31:37.557"></status>
</kw>
<status status="PASS" starttime="20200422 12:31:26.221" endtime="20200422 12:31:37.557"></status>
</kw>
<kw name="Quando eu submeto minhas credenciais">
<kw name="Input Text" library="SeleniumLibrary">
<doc>Types the given ``text`` into the text field identified by ``locator``.</doc>
<arguments>
<arg>id:emailId</arg>
<arg>${email}</arg>
</arguments>
<msg timestamp="20200422 12:31:37.558" level="INFO">Typing text 'papito@ninjapixel.com' into text field 'id:emailId'.</msg>
<status status="PASS" starttime="20200422 12:31:37.558" endtime="20200422 12:31:37.697"></status>
</kw>
<kw name="Input Text" library="SeleniumLibrary">
<doc>Types the given ``text`` into the text field identified by ``locator``.</doc>
<arguments>
<arg>id:passId</arg>
<arg>${pass}</arg>
</arguments>
<msg timestamp="20200422 12:31:37.698" level="INFO">Typing text 'pwd123' into text field 'id:passId'.</msg>
<status status="PASS" starttime="20200422 12:31:37.698" endtime="20200422 12:31:37.766"></status>
</kw>
<kw name="Sleep" library="BuiltIn">
<doc>Pauses the test executed for the given time.</doc>
<arguments>
<arg>5</arg>
</arguments>
<msg timestamp="20200422 12:31:42.768" level="INFO">Slept 5 seconds</msg>
<status status="PASS" starttime="20200422 12:31:37.766" endtime="20200422 12:31:42.768"></status>
</kw>
<kw name="Click Element" library="SeleniumLibrary">
<doc>Click the element identified by ``locator``.</doc>
<arguments>
<arg>xpath://button[contains(.,'Entrar')]</arg>
</arguments>
<msg timestamp="20200422 12:31:42.768" level="INFO">Clicking element 'xpath://button[contains(.,'Entrar')]'.</msg>
<status status="PASS" starttime="20200422 12:31:42.768" endtime="20200422 12:31:42.838"></status>
</kw>
<status status="PASS" starttime="20200422 12:31:37.558" endtime="20200422 12:31:42.839"></status>
</kw>
<kw name="Entao devo ser autenticado">
<kw name="Wait Until Page Contains" library="SeleniumLibrary">
<doc>Waits until ``text`` appears on the current page.</doc>
<arguments>
<arg>Papito</arg>
</arguments>
<status status="PASS" starttime="20200422 12:31:42.840" endtime="20200422 12:31:42.867"></status>
</kw>
<kw name="Close Browser" library="SeleniumLibrary">
<doc>Closes the current browser.</doc>
<status status="PASS" starttime="20200422 12:31:42.867" endtime="20200422 12:31:45.025"></status>
</kw>
<status status="PASS" starttime="20200422 12:31:42.840" endtime="20200422 12:31:45.025"></status>
</kw>
<status status="PASS" starttime="20200422 12:31:26.220" endtime="20200422 12:31:45.026" critical="yes"></status>
</test>
<test id="s1-t2" name="Senha incorreta">
<kw name="Dado que eu acesso a página de login">
<kw name="Open Browser" library="SeleniumLibrary">
<doc>Opens a new browser instance to the optional ``url``.</doc>
<arguments>
<arg>http://pixel-web:3000/login</arg>
<arg>chrome</arg>
</arguments>
<msg timestamp="20200422 12:31:45.029" level="INFO">Opening browser 'chrome' to base url 'http://pixel-web:3000/login'.</msg>
<status status="PASS" starttime="20200422 12:31:45.029" endtime="20200422 12:31:51.012"></status>
</kw>
<kw name="Maximize Browser Window" library="SeleniumLibrary">
<doc>Maximizes current browser window.</doc>
<status status="PASS" starttime="20200422 12:31:51.012" endtime="20200422 12:31:55.130"></status>
</kw>
<status status="PASS" starttime="20200422 12:31:45.028" endtime="20200422 12:31:55.130"></status>
</kw>
<kw name="Quando eu submeto minhas credenciais com senha incorreta">
<kw name="Input Text" library="SeleniumLibrary">
<doc>Types the given ``text`` into the text field identified by ``locator``.</doc>
<arguments>
<arg>id:emailId</arg>
<arg>${email}</arg>
</arguments>
<msg timestamp="20200422 12:31:55.131" level="INFO">Typing text 'papito@ninjapixel.com' into text field 'id:emailId'.</msg>
<status status="PASS" starttime="20200422 12:31:55.131" endtime="20200422 12:31:55.279"></status>
</kw>
<kw name="Input Text" library="SeleniumLibrary">
<doc>Types the given ``text`` into the text field identified by ``locator``.</doc>
<arguments>
<arg>id:passId</arg>
<arg>${pass_error}</arg>
</arguments>
<msg timestamp="20200422 12:31:55.279" level="INFO">Typing text '1111' into text field 'id:passId'.</msg>
<status status="PASS" starttime="20200422 12:31:55.279" endtime="20200422 12:31:55.349"></status>
</kw>
<kw name="Click Element" library="SeleniumLibrary">
<doc>Click the element identified by ``locator``.</doc>
<arguments>
<arg>class:btn</arg>
</arguments>
<msg timestamp="20200422 12:31:55.350" level="INFO">Clicking element 'class:btn'.</msg>
<status status="PASS" starttime="20200422 12:31:55.349" endtime="20200422 12:31:55.420"></status>
</kw>
<status status="PASS" starttime="20200422 12:31:55.131" endtime="20200422 12:31:55.421"></status>
</kw>
<kw name="Entao devo ver uma mensagem de alerta &quot;Usuário e/ou senha inválidos&quot;">
<kw name="Wait Until Page Contains" library="SeleniumLibrary">
<doc>Waits until ``text`` appears on the current page.</doc>
<arguments>
<arg>Usuário e/ou senha inválidos</arg>
</arguments>
<status status="PASS" starttime="20200422 12:31:55.423" endtime="20200422 12:31:55.672"></status>
</kw>
<kw name="Close Browser" library="SeleniumLibrary">
<doc>Closes the current browser.</doc>
<status status="PASS" starttime="20200422 12:31:55.672" endtime="20200422 12:31:57.828"></status>
</kw>
<status status="PASS" starttime="20200422 12:31:55.422" endtime="20200422 12:31:57.828"></status>
</kw>
<status status="PASS" starttime="20200422 12:31:45.028" endtime="20200422 12:31:57.829" critical="yes"></status>
</test>
<doc>Login
Sendo um administrador de catálogo
Quero me autenticar no sistema
Para que eu possa gerenciar o catálogo de produtos</doc>
<status status="PASS" starttime="20200422 12:31:26.013" endtime="20200422 12:31:57.831"></status>
</suite>
<statistics>
<total>
<stat pass="2" fail="0">Critical Tests</stat>
<stat pass="2" fail="0">All Tests</stat>
</total>
<tag>
</tag>
<suite>
<stat pass="2" fail="0" id="s1" name="Login">Login</stat>
</suite>
</statistics>
<errors>
</errors>
</robot>
